<?xml version="1.0" encoding="UTF-8"?>
<!-- Generated by org.testng.reporters.JUnitReportReporter -->
<testsuite hostname="LAPTOP-BH41G14T" failures="0" tests="1" name="testScript.TC_04ConvertLeadToOpertunitiesBySelectingOnlyOpertunityChekboxsAndFeelAllTheMandatoryFields" time="30.304" errors="0" timestamp="2021-10-07T21:38:54 IST" skipped="0">
  <testcase classname="testScript.TC_04ConvertLeadToOpertunitiesBySelectingOnlyOpertunityChekboxsAndFeelAllTheMandatoryFields" name="ConvertLeadToOpertunitiesBySelectingOnlyOpertunityChekboxsAndFeelAllTheMandatoryFields" time="30.304"/>
  <system-out/>
</testsuite> <!-- testScript.TC_04ConvertLeadToOpertunitiesBySelectingOnlyOpertunityChekboxsAndFeelAllTheMandatoryFields -->
