<?xml version="1.0" encoding="UTF-8"?>
<!-- Generated by org.testng.reporters.JUnitReportReporter -->
<testsuite hostname="LAPTOP-BH41G14T" failures="0" tests="1" name="testScript.TC_01blankFieldsAndCancel" time="7.976" errors="0" timestamp="2021-10-05T10:58:26 IST" skipped="0">
  <testcase classname="testScript.TC_01blankFieldsAndCancel" name="blankFieldsAndCancel" time="7.976"/>
  <system-out/>
</testsuite> <!-- testScript.TC_01blankFieldsAndCancel -->
