<?xml version="1.0" encoding="UTF-8"?>
<!-- Generated by org.testng.reporters.JUnitReportReporter -->
<testsuite hostname="LAPTOP-BH41G14T" failures="0" tests="1" name="testScript.LensKart" time="10.578" errors="0" timestamp="2021-10-12T10:01:06 IST" skipped="0">
  <testcase classname="testScript.LensKart" name="lensKart" time="10.578"/>
  <system-out/>
</testsuite> <!-- testScript.LensKart -->
