<?xml version="1.0" encoding="UTF-8"?>
<!-- Generated by org.testng.reporters.JUnitReportReporter -->
<testsuite hostname="LAPTOP-BH41G14T" failures="0" tests="1" name="testScript.TC_05ConvertLeadToOpertunitiesBySelectingOnlyContactChekboxsAndFeelAllTheMandatoryFields" time="30.354" errors="0" timestamp="2021-10-07T21:38:54 IST" skipped="0">
  <testcase classname="testScript.TC_05ConvertLeadToOpertunitiesBySelectingOnlyContactChekboxsAndFeelAllTheMandatoryFields" name="ConvertLeadToOpertunitiesBySelectingOnlyContactChekboxsAndFeelAllTheMandatoryFields" time="30.354"/>
  <system-out/>
</testsuite> <!-- testScript.TC_05ConvertLeadToOpertunitiesBySelectingOnlyContactChekboxsAndFeelAllTheMandatoryFields -->
