<?xml version="1.0" encoding="UTF-8"?>
<!-- Generated by org.testng.reporters.JUnitReportReporter -->
<testsuite hostname="LAPTOP-BH41G14T" failures="0" tests="1" name="testScript.TC_02ConvertLeadToOpertunitiesBySelectingAllTheChekboxsAndFeelAllTheMandatoryFields" time="30.811" errors="0" timestamp="2021-10-08T16:43:21 IST" skipped="0">
  <testcase classname="testScript.TC_02ConvertLeadToOpertunitiesBySelectingAllTheChekboxsAndFeelAllTheMandatoryFields" name="ConvertLeadToOpertunitiesBySelectingAllTheChekboxsAndFeelAllTheMandatoryFields" time="30.811"/>
  <system-out/>
</testsuite> <!-- testScript.TC_02ConvertLeadToOpertunitiesBySelectingAllTheChekboxsAndFeelAllTheMandatoryFields -->
