<?xml version="1.0" encoding="UTF-8"?>
<!-- Generated by org.testng.reporters.JUnitReportReporter -->
<testsuite hostname="LAPTOP-BH41G14T" failures="0" tests="2" name="testScript.TC_3" time="86.974" errors="0" timestamp="2021-10-09T15:41:43 IST" skipped="0">
  <testcase classname="testScript.TC_3" name="onlyOpportunityCheckBox" time="43.454"/>
  <system-out/>
  <testcase classname="testScript.TC_3" name="onlyOpportunityCheckBox" time="43.520"/>
  <system-out/>
</testsuite> <!-- testScript.TC_3 -->
