<?xml version="1.0" encoding="UTF-8"?>
<!-- Generated by org.testng.reporters.JUnitReportReporter -->
<testsuite hostname="LAPTOP-BH41G14T" failures="0" tests="1" name="testScript.ConvertLeadToOpportunityTest" time="21.181" errors="0" timestamp="2021-10-09T19:32:13 IST" skipped="0">
  <testcase classname="testScript.ConvertLeadToOpportunityTest" name="convertLeadToOpportunityTest" time="21.181"/>
  <system-out/>
</testsuite> <!-- testScript.ConvertLeadToOpportunityTest -->
