<?xml version="1.0" encoding="UTF-8"?>
<!-- Generated by org.testng.reporters.JUnitReportReporter -->
<testsuite hostname="LAPTOP-BH41G14T" failures="0" tests="1" name="testScript.Practice" time="15.486" errors="0" timestamp="2021-10-12T10:58:42 IST" skipped="0">
  <testcase classname="testScript.Practice" name="hidden" time="15.486"/>
  <system-out/>
</testsuite> <!-- testScript.Practice -->
