<?xml version="1.0" encoding="UTF-8"?>
<!-- Generated by org.testng.reporters.JUnitReportReporter -->
<testsuite hostname="LAPTOP-BH41G14T" failures="0" tests="1" name="testScript.TC_03ConvertLeadToOpertunitiesBySelectingOnlyOrganisationChekboxsAndFeelAllTheMandatoryFields" time="31.069" errors="0" timestamp="2021-10-08T16:35:08 IST" skipped="0">
  <testcase classname="testScript.TC_03ConvertLeadToOpertunitiesBySelectingOnlyOrganisationChekboxsAndFeelAllTheMandatoryFields" name="ConvertLeadToOpertunitiesBySelectingOnlyOrganisationChekboxsAndFeelAllTheMandatoryFields" time="31.069"/>
  <system-out/>
</testsuite> <!-- testScript.TC_03ConvertLeadToOpertunitiesBySelectingOnlyOrganisationChekboxsAndFeelAllTheMandatoryFields -->
